Build started 2/5/2015 9:52:41 PM.
     1>Project "C:\Users\Sai Kham\Desktop\Lab02\Lab02\Lab02.vcxproj" on node 2 (Build target(s)).
     1>ClCompile:
         C:\Program Files (x86)\Microsoft Visual Studio 11.0\VC\bin\CL.exe /c /ZI /nologo /W3 /WX- /Od /Oy- /D WIN32 /D _DEBUG /D _CONSOLE /D _UNICODE /D UNICODE /Gm /EHsc /RTC1 /MDd /GS /fp:precise /Zc:wchar_t /Zc:forScope /Fo"Debug\\" /Fd"Debug\vc110.pdb" /Gd /TP /analyze- /errorReport:prompt driver.cpp table.cpp
         table.cpp
     1>c:\users\sai kham\desktop\lab02\lab02\table.h(49): error C2864: 'table<keyType,valType>::SIZE' : only static const integral data members can be initialized within a class
                 c:\users\sai kham\desktop\lab02\lab02\table.h(61) : see reference to class template instantiation 'table<keyType,valType>' being compiled
     1>c:\users\sai kham\desktop\lab02\lab02\table.h(50): error C2327: 'table<keyType,valType>::SIZE' : is not a type name, static, or enumerator
     1>c:\users\sai kham\desktop\lab02\lab02\table.h(50): error C2065: 'SIZE' : undeclared identifier
         driver.cpp
     1>c:\users\sai kham\desktop\lab02\lab02\table.h(49): error C2864: 'table<keyType,valType>::SIZE' : only static const integral data members can be initialized within a class
                 c:\users\sai kham\desktop\lab02\lab02\table.h(61) : see reference to class template instantiation 'table<keyType,valType>' being compiled
     1>c:\users\sai kham\desktop\lab02\lab02\table.h(50): error C2327: 'table<keyType,valType>::SIZE' : is not a type name, static, or enumerator
     1>c:\users\sai kham\desktop\lab02\lab02\table.h(50): error C2065: 'SIZE' : undeclared identifier
     1>c:\users\sai kham\desktop\lab02\lab02\table.h(49): error C2864: 'table<keyType,valType>::SIZE' : only static const integral data members can be initialized within a class
                 with
                 [
                     keyType=int,
                     valType=int
                 ]
                 c:\users\sai kham\desktop\lab02\lab02\driver.cpp(39) : see reference to class template instantiation 'table<keyType,valType>' being compiled
                 with
                 [
                     keyType=int,
                     valType=int
                 ]
     1>c:\users\sai kham\desktop\lab02\lab02\table.h(50): error C2327: 'table<keyType,valType>::SIZE' : is not a type name, static, or enumerator
                 with
                 [
                     keyType=int,
                     valType=int
                 ]
     1>c:\users\sai kham\desktop\lab02\lab02\table.h(50): error C2148: total size of array must not exceed 0x7fffffff bytes
         Generating Code...
     1>Done Building Project "C:\Users\Sai Kham\Desktop\Lab02\Lab02\Lab02.vcxproj" (Build target(s)) -- FAILED.

Build FAILED.

Time Elapsed 00:00:00.95
