C:\USERS\SAI KHAM\DESKTOP\CS232_P1\CS232_P1\RELEASE\TABLE.OBJ
C:\USERS\SAI KHAM\DESKTOP\CS232_P1\CS232_P1\RELEASE\MAIN.OBJ
C:\USERS\SAI KHAM\DESKTOP\CS232_P1\CS232_P1\RELEASE\VC110.PDB
C:\USERS\SAI KHAM\DESKTOP\CS232_P1\RELEASE\CS232_P1.EXE
C:\USERS\SAI KHAM\DESKTOP\CS232_P1\RELEASE\CS232_P1.PDB
C:\Users\Sai Kham\Desktop\CS232_P1\CS232_P1\Release\main.obj
C:\Users\Sai Kham\Desktop\CS232_P1\CS232_P1\Release\table.obj
C:\Users\Sai Kham\Desktop\CS232_P1\CS232_P1\Release\cl.command.1.tlog
C:\Users\Sai Kham\Desktop\CS232_P1\CS232_P1\Release\CL.read.1.tlog
C:\Users\Sai Kham\Desktop\CS232_P1\CS232_P1\Release\CL.write.1.tlog
C:\Users\Sai Kham\Desktop\CS232_P1\CS232_P1\Release\link-cvtres.read.1.tlog
C:\Users\Sai Kham\Desktop\CS232_P1\CS232_P1\Release\link-cvtres.write.1.tlog
C:\Users\Sai Kham\Desktop\CS232_P1\CS232_P1\Release\link-rc.read.1.tlog
C:\Users\Sai Kham\Desktop\CS232_P1\CS232_P1\Release\link-rc.write.1.tlog
C:\Users\Sai Kham\Desktop\CS232_P1\CS232_P1\Release\link.command.1.tlog
C:\Users\Sai Kham\Desktop\CS232_P1\CS232_P1\Release\link.read.1.tlog
C:\Users\Sai Kham\Desktop\CS232_P1\CS232_P1\Release\link.write.1.tlog
C:\Users\Sai Kham\Desktop\CS232_P1\CS232_P1\Release\vc110.pdb
C:\Users\Sai Kham\Desktop\CS232_P1\Release\CS232_P1.pdb
C:\Users\Sai Kham\Desktop\CS232_P1\Release\CS232_P1.exe
